<?xml version="1.0" encoding="UTF-8"?>
<!-- Generated by org.testng.reporters.JUnitXMLReporter -->
<testsuite ignored="0" hostname="DESKTOP-UH2GJC7" failures="0" tests="4" name="Program 2" time="0.302" errors="0" timestamp="14 Jul 2021 17:43:35 GMT">
  <testcase classname="com.codingiri.TestNG_Test.Abstract_Base_class" name="@BeforeMethod setup" time="0.0">
    <failure type="org.testng.TestNGException" message="
Parameter &amp;apos;browser&amp;apos; is required by BeforeMethod on method setup but has not been marked @Optional or defined
in C:\Users\Dilshad\eclipse-workspace\TestNG_Test\Driver3.xml">
      <![CDATA[org.testng.TestNGException: 
Parameter 'browser' is required by BeforeMethod on method setup but has not been marked @Optional or defined
in C:\Users\Dilshad\eclipse-workspace\TestNG_Test\Driver3.xml
... Removed 25 stack frames]]>
    </failure>
  </testcase> <!-- @BeforeMethod setup -->
  <testcase classname="com.codingiri.TestNG_Test.Abstract_Base_class" name="@AfterMethod tearDown" time="0.0">
    <failure type="java.lang.NullPointerException" message="Cannot invoke &amp;quot;org.openqa.selenium.WebDriver.close()&amp;quot; because &amp;quot;this.driver&amp;quot; is null">
      <![CDATA[java.lang.NullPointerException: Cannot invoke "org.openqa.selenium.WebDriver.close()" because "this.driver" is null
at com.codingiri.TestNG_Test.Abstract_Base_class.tearDown(Abstract_Base_class.java:66)
... Removed 28 stack frames]]>
    </failure>
  </testcase> <!-- @AfterMethod tearDown -->
  <testcase classname="com.codingiri.TestNG_Test.Abstract_Base_class" name="@BeforeMethod setup" time="0.0">
    <failure type="org.testng.TestNGException" message="
Parameter &amp;apos;browser&amp;apos; is required by BeforeMethod on method setup but has not been marked @Optional or defined
in C:\Users\Dilshad\eclipse-workspace\TestNG_Test\Driver3.xml">
      <![CDATA[org.testng.TestNGException: 
Parameter 'browser' is required by BeforeMethod on method setup but has not been marked @Optional or defined
in C:\Users\Dilshad\eclipse-workspace\TestNG_Test\Driver3.xml
... Removed 25 stack frames]]>
    </failure>
  </testcase> <!-- @BeforeMethod setup -->
  <testcase classname="com.codingiri.TestNG_Test.Abstract_Base_class" name="@AfterMethod tearDown" time="0.0">
    <failure type="java.lang.NullPointerException" message="Cannot invoke &amp;quot;org.openqa.selenium.WebDriver.close()&amp;quot; because &amp;quot;this.driver&amp;quot; is null">
      <![CDATA[java.lang.NullPointerException: Cannot invoke "org.openqa.selenium.WebDriver.close()" because "this.driver" is null
at com.codingiri.TestNG_Test.Abstract_Base_class.tearDown(Abstract_Base_class.java:66)
... Removed 28 stack frames]]>
    </failure>
  </testcase> <!-- @AfterMethod tearDown -->
  <testcase classname="com.codingiri.TestNG_Test.Abstract_Base_class" name="@BeforeMethod setup" time="0.0">
    <failure type="org.testng.TestNGException" message="
Parameter &amp;apos;browser&amp;apos; is required by BeforeMethod on method setup but has not been marked @Optional or defined
in C:\Users\Dilshad\eclipse-workspace\TestNG_Test\Driver3.xml">
      <![CDATA[org.testng.TestNGException: 
Parameter 'browser' is required by BeforeMethod on method setup but has not been marked @Optional or defined
in C:\Users\Dilshad\eclipse-workspace\TestNG_Test\Driver3.xml
... Removed 25 stack frames]]>
    </failure>
  </testcase> <!-- @BeforeMethod setup -->
  <testcase classname="com.codingiri.TestNG_Test.Abstract_Base_class" name="@AfterMethod tearDown" time="0.0">
    <failure type="java.lang.NullPointerException" message="Cannot invoke &amp;quot;org.openqa.selenium.WebDriver.close()&amp;quot; because &amp;quot;this.driver&amp;quot; is null">
      <![CDATA[java.lang.NullPointerException: Cannot invoke "org.openqa.selenium.WebDriver.close()" because "this.driver" is null
at com.codingiri.TestNG_Test.Abstract_Base_class.tearDown(Abstract_Base_class.java:66)
... Removed 28 stack frames]]>
    </failure>
  </testcase> <!-- @AfterMethod tearDown -->
  <testcase classname="com.codingiri.TestNG_Test.Abstract_Base_class" name="@BeforeMethod setup" time="0.0">
    <failure type="org.testng.TestNGException" message="
Parameter &amp;apos;browser&amp;apos; is required by BeforeMethod on method setup but has not been marked @Optional or defined
in C:\Users\Dilshad\eclipse-workspace\TestNG_Test\Driver3.xml">
      <![CDATA[org.testng.TestNGException: 
Parameter 'browser' is required by BeforeMethod on method setup but has not been marked @Optional or defined
in C:\Users\Dilshad\eclipse-workspace\TestNG_Test\Driver3.xml
... Removed 25 stack frames]]>
    </failure>
  </testcase> <!-- @BeforeMethod setup -->
  <testcase classname="com.codingiri.TestNG_Test.Abstract_Base_class" name="@AfterMethod tearDown" time="0.003">
    <failure type="java.lang.NullPointerException" message="Cannot invoke &amp;quot;org.openqa.selenium.WebDriver.close()&amp;quot; because &amp;quot;this.driver&amp;quot; is null">
      <![CDATA[java.lang.NullPointerException: Cannot invoke "org.openqa.selenium.WebDriver.close()" because "this.driver" is null
at com.codingiri.TestNG_Test.Abstract_Base_class.tearDown(Abstract_Base_class.java:66)
... Removed 28 stack frames]]>
    </failure>
  </testcase> <!-- @AfterMethod tearDown -->
  <testcase classname="com.codingiri.TestNG_Test.Second_Ebay_Advanced_Search_sanity" name="Empty_advanced_search_test" time="0.0">
    <skipped/>
  </testcase> <!-- Empty_advanced_search_test -->
  <testcase classname="com.codingiri.TestNG_Test.Second_Ebay_Advanced_Search_sanity" name="advanced_search_keywords_test" time="0.0">
    <skipped/>
  </testcase> <!-- advanced_search_keywords_test -->
  <testcase classname="com.codingiri.TestNG_Test.Second_Ebay_Advanced_Search_sanity" name="category_options_in_ascending_order_test" time="0.0">
    <skipped/>
  </testcase> <!-- category_options_in_ascending_order_test -->
  <testcase classname="com.codingiri.TestNG_Test.Second_Ebay_Advanced_Search_sanity" name="ebay_logo_link_navigation_home_page_test" time="0.0">
    <skipped/>
  </testcase> <!-- ebay_logo_link_navigation_home_page_test -->
</testsuite> <!-- Program 2 -->
