<?xml version="1.0" encoding="UTF-8"?>
<!-- Generated by org.testng.reporters.JUnitXMLReporter -->
<testsuite ignored="1" hostname="DESKTOP-UH2GJC7" failures="3" tests="5" name="Release 2021.7 Sanity Testing" time="88.093" errors="0" timestamp="15 Jul 2021 06:35:58 GMT">
  <testcase classname="com.codingiri.TestNG_Test.First_Ebayhome_sanity" name="Empty_Search_Test" time="10.958">
    <failure type="java.lang.AssertionError" message="Shop by Category | eBay expected [null] but found [https://www.ebay.com/n/all-categories]">
      <![CDATA[java.lang.AssertionError: Shop by Category | eBay expected [null] but found [https://www.ebay.com/n/all-categories]
at com.codingiri.TestNG_Test.First_Ebayhome_sanity.Empty_Search_Test(First_Ebayhome_sanity.java:75)
at java.base/java.util.concurrent.ThreadPoolExecutor.runWorker(ThreadPoolExecutor.java:1130)
at java.base/java.util.concurrent.ThreadPoolExecutor$Worker.run(ThreadPoolExecutor.java:630)
at java.base/java.lang.Thread.run(Thread.java:832)
... Removed 13 stack frames]]>
    </failure>
  </testcase> <!-- Empty_Search_Test -->
  <testcase classname="com.codingiri.TestNG_Test.Second_Ebay_Advanced_Search_sanity" name="advanced_search_keywords_test" time="18.274"/>
  <testcase classname="com.codingiri.TestNG_Test.Second_Ebay_Advanced_Search_sanity" name="category_options_in_ascending_order_test" time="7.696">
    <failure type="java.lang.AssertionError" message="verify category items sorted expected [true] but found [false]">
      <![CDATA[java.lang.AssertionError: verify category items sorted expected [true] but found [false]
at com.codingiri.TestNG_Test.Second_Ebay_Advanced_Search_sanity.category_options_in_ascending_order_test(Second_Ebay_Advanced_Search_sanity.java:111)
at java.base/java.util.concurrent.ThreadPoolExecutor.runWorker(ThreadPoolExecutor.java:1130)
at java.base/java.util.concurrent.ThreadPoolExecutor$Worker.run(ThreadPoolExecutor.java:630)
at java.base/java.lang.Thread.run(Thread.java:832)
... Removed 13 stack frames]]>
    </failure>
  </testcase> <!-- category_options_in_ascending_order_test -->
  <testcase classname="com.codingiri.TestNG_Test.First_Ebayhome_sanity" name="Empty_Search_Test_softAssert" time="21.844">
    <failure type="java.lang.AssertionError" message="The following asserts failed:
	verify the url of new page expected [] but found [https://www.ebay.com/n/all-categories]">
      <![CDATA[java.lang.AssertionError: The following asserts failed:
verify the url of new page expected [] but found [https://www.ebay.com/n/all-categories]
at com.codingiri.TestNG_Test.First_Ebayhome_sanity.Empty_Search_Test_softAssert(First_Ebayhome_sanity.java:143)
at java.base/java.util.concurrent.ThreadPoolExecutor.runWorker(ThreadPoolExecutor.java:1130)
at java.base/java.util.concurrent.ThreadPoolExecutor$Worker.run(ThreadPoolExecutor.java:630)
at java.base/java.lang.Thread.run(Thread.java:832)
... Removed 11 stack frames]]>
    </failure>
  </testcase> <!-- Empty_Search_Test_softAssert -->
  <testcase classname="com.codingiri.TestNG_Test.Second_Ebay_Advanced_Search_sanity" name="ebay_logo_link_navigation_home_page_test" time="12.69"/>
  <testcase classname="com.codingiri.TestNG_Test.Second_Ebay_Advanced_Search_sanity" name="Empty_advanced_search_test" time="0.0">
    <ignored/>
  </testcase> <!-- Empty_advanced_search_test -->
</testsuite> <!-- Release 2021.7 Sanity Testing -->
