<html>
<head>
<title>TestNG:  Release 2021.7 Sanity Testing</title>
<link href="../testng.css" rel="stylesheet" type="text/css" />
<link href="../my-testng.css" rel="stylesheet" type="text/css" />

<style type="text/css">
.log { display: none;} 
.stack-trace { display: none;} 
</style>
<script type="text/javascript">
<!--
function flip(e) {
  current = e.style.display;
  if (current == 'block') {
    e.style.display = 'none';
    return 0;
  }
  else {
    e.style.display = 'block';
    return 1;
  }
}

function toggleBox(szDivId, elem, msg1, msg2)
{
  var res = -1;  if (document.getElementById) {
    res = flip(document.getElementById(szDivId));
  }
  else if (document.all) {
    // this is the way old msie versions work
    res = flip(document.all[szDivId]);
  }
  if(elem) {
    if(res == 0) elem.innerHTML = msg1; else elem.innerHTML = msg2;
  }

}

function toggleAllBoxes() {
  if (document.getElementsByTagName) {
    d = document.getElementsByTagName('div');
    for (i = 0; i < d.length; i++) {
      if (d[i].className == 'log') {
        flip(d[i]);
      }
    }
  }
}

// -->
</script>

</head>
<body>
<h2 align='center'>Release 2021.7 Sanity Testing</h2><table border='1' align="center">
<tr>
<td>Tests passed/Failed/Skipped:</td><td>2/3/0</td>
</tr><tr>
<td>Started on:</td><td>Thu Jul 15 12:04:30 IST 2021</td>
</tr>
<tr><td>Total time:</td><td>88 seconds (88093 ms)</td>
</tr><tr>
<td>Included groups:</td><td>p0 p2 </td>
</tr><tr>
<td>Excluded groups:</td><td></td>
</tr>
</table><p/>
<small><i>(Hover the method name to see the test class name)</i></small><p/>
<table width='100%' border='1' class='invocation-failed'>
<tr><td colspan='4' align='center'><b>FAILED TESTS</b></td></tr>
<tr><td><b>Test method</b></td>
<td width="30%"><b>Exception</b></td>
<td width="10%"><b>Time (seconds)</b></td>
<td><b>Instance</b></td>
</tr>
<tr>
<td title='com.codingiri.TestNG_Test.First_Ebayhome_sanity.Empty_Search_Test()'><b>Empty_Search_Test</b><br>Test class: com.codingiri.TestNG_Test.First_Ebayhome_sanity</td>
<td><div><pre>java.lang.AssertionError: Shop by Category | eBay expected [null] but found [https://www.ebay.com/n/all-categories]
	at com.codingiri.TestNG_Test.First_Ebayhome_sanity.Empty_Search_Test(First_Ebayhome_sanity.java:75)
	at java.base/java.util.concurrent.ThreadPoolExecutor.runWorker(ThreadPoolExecutor.java:1130)
	at java.base/java.util.concurrent.ThreadPoolExecutor$Worker.run(ThreadPoolExecutor.java:630)
	at java.base/java.lang.Thread.run(Thread.java:832)
... Removed 13 stack frames</pre></div><a href='#' onClick='toggleBox("stack-trace1029582483", this, "Click to show all stack frames", "Click to hide stack frames")'>Click to show all stack frames</a>
<div class='stack-trace' id='stack-trace1029582483'><pre>java.lang.AssertionError: Shop by Category | eBay expected [null] but found [https://www.ebay.com/n/all-categories]
	at org.testng.Assert.fail(Assert.java:96)
	at org.testng.Assert.failNotSame(Assert.java:772)
	at org.testng.Assert.assertNull(Assert.java:708)
	at com.codingiri.TestNG_Test.First_Ebayhome_sanity.Empty_Search_Test(First_Ebayhome_sanity.java:75)
	at java.base/jdk.internal.reflect.NativeMethodAccessorImpl.invoke0(Native Method)
	at java.base/jdk.internal.reflect.NativeMethodAccessorImpl.invoke(NativeMethodAccessorImpl.java:64)
	at java.base/jdk.internal.reflect.DelegatingMethodAccessorImpl.invoke(DelegatingMethodAccessorImpl.java:43)
	at java.base/java.lang.reflect.Method.invoke(Method.java:564)
	at org.testng.internal.MethodInvocationHelper.invokeMethod(MethodInvocationHelper.java:124)
	at org.testng.internal.Invoker.invokeMethod(Invoker.java:583)
	at org.testng.internal.Invoker.invokeTestMethod(Invoker.java:719)
	at org.testng.internal.Invoker.invokeTestMethods(Invoker.java:989)
	at org.testng.internal.TestMethodWorker.invokeTestMethods(TestMethodWorker.java:125)
	at org.testng.internal.TestMethodWorker.run(TestMethodWorker.java:109)
	at java.base/java.util.concurrent.ThreadPoolExecutor.runWorker(ThreadPoolExecutor.java:1130)
	at java.base/java.util.concurrent.ThreadPoolExecutor$Worker.run(ThreadPoolExecutor.java:630)
	at java.base/java.lang.Thread.run(Thread.java:832)
</pre></div></td>
<td>10</td>
<td>com.codingiri.TestNG_Test.First_Ebayhome_sanity@5609159b</td></tr>
<tr>
<td title='com.codingiri.TestNG_Test.First_Ebayhome_sanity.Empty_Search_Test_softAssert()'><b>Empty_Search_Test_softAssert</b><br>Test class: com.codingiri.TestNG_Test.First_Ebayhome_sanity</td>
<td><div><pre>java.lang.AssertionError: The following asserts failed:
	verify the url of new page expected [] but found [https://www.ebay.com/n/all-categories]
	at com.codingiri.TestNG_Test.First_Ebayhome_sanity.Empty_Search_Test_softAssert(First_Ebayhome_sanity.java:143)
	at java.base/java.util.concurrent.ThreadPoolExecutor.runWorker(ThreadPoolExecutor.java:1130)
	at java.base/java.util.concurrent.ThreadPoolExecutor$Worker.run(ThreadPoolExecutor.java:630)
	at java.base/java.lang.Thread.run(Thread.java:832)
... Removed 11 stack frames</pre></div><a href='#' onClick='toggleBox("stack-trace1519212382", this, "Click to show all stack frames", "Click to hide stack frames")'>Click to show all stack frames</a>
<div class='stack-trace' id='stack-trace1519212382'><pre>java.lang.AssertionError: The following asserts failed:
	verify the url of new page expected [] but found [https://www.ebay.com/n/all-categories]
	at org.testng.asserts.SoftAssert.assertAll(SoftAssert.java:43)
	at com.codingiri.TestNG_Test.First_Ebayhome_sanity.Empty_Search_Test_softAssert(First_Ebayhome_sanity.java:143)
	at java.base/jdk.internal.reflect.NativeMethodAccessorImpl.invoke0(Native Method)
	at java.base/jdk.internal.reflect.NativeMethodAccessorImpl.invoke(NativeMethodAccessorImpl.java:64)
	at java.base/jdk.internal.reflect.DelegatingMethodAccessorImpl.invoke(DelegatingMethodAccessorImpl.java:43)
	at java.base/java.lang.reflect.Method.invoke(Method.java:564)
	at org.testng.internal.MethodInvocationHelper.invokeMethod(MethodInvocationHelper.java:124)
	at org.testng.internal.Invoker.invokeMethod(Invoker.java:583)
	at org.testng.internal.Invoker.invokeTestMethod(Invoker.java:719)
	at org.testng.internal.Invoker.invokeTestMethods(Invoker.java:989)
	at org.testng.internal.TestMethodWorker.invokeTestMethods(TestMethodWorker.java:125)
	at org.testng.internal.TestMethodWorker.run(TestMethodWorker.java:109)
	at java.base/java.util.concurrent.ThreadPoolExecutor.runWorker(ThreadPoolExecutor.java:1130)
	at java.base/java.util.concurrent.ThreadPoolExecutor$Worker.run(ThreadPoolExecutor.java:630)
	at java.base/java.lang.Thread.run(Thread.java:832)
</pre></div></td>
<td>21</td>
<td>com.codingiri.TestNG_Test.First_Ebayhome_sanity@5609159b</td></tr>
<tr>
<td title='com.codingiri.TestNG_Test.Second_Ebay_Advanced_Search_sanity.category_options_in_ascending_order_test()'><b>category_options_in_ascending_order_test</b><br>Test class: com.codingiri.TestNG_Test.Second_Ebay_Advanced_Search_sanity</td>
<td><div><pre>java.lang.AssertionError: verify category items sorted expected [true] but found [false]
	at com.codingiri.TestNG_Test.Second_Ebay_Advanced_Search_sanity.category_options_in_ascending_order_test(Second_Ebay_Advanced_Search_sanity.java:111)
	at java.base/java.util.concurrent.ThreadPoolExecutor.runWorker(ThreadPoolExecutor.java:1130)
	at java.base/java.util.concurrent.ThreadPoolExecutor$Worker.run(ThreadPoolExecutor.java:630)
	at java.base/java.lang.Thread.run(Thread.java:832)
... Removed 13 stack frames</pre></div><a href='#' onClick='toggleBox("stack-trace1331229138", this, "Click to show all stack frames", "Click to hide stack frames")'>Click to show all stack frames</a>
<div class='stack-trace' id='stack-trace1331229138'><pre>java.lang.AssertionError: verify category items sorted expected [true] but found [false]
	at org.testng.Assert.fail(Assert.java:96)
	at org.testng.Assert.failNotEquals(Assert.java:776)
	at org.testng.Assert.assertTrue(Assert.java:44)
	at com.codingiri.TestNG_Test.Second_Ebay_Advanced_Search_sanity.category_options_in_ascending_order_test(Second_Ebay_Advanced_Search_sanity.java:111)
	at java.base/jdk.internal.reflect.NativeMethodAccessorImpl.invoke0(Native Method)
	at java.base/jdk.internal.reflect.NativeMethodAccessorImpl.invoke(NativeMethodAccessorImpl.java:64)
	at java.base/jdk.internal.reflect.DelegatingMethodAccessorImpl.invoke(DelegatingMethodAccessorImpl.java:43)
	at java.base/java.lang.reflect.Method.invoke(Method.java:564)
	at org.testng.internal.MethodInvocationHelper.invokeMethod(MethodInvocationHelper.java:124)
	at org.testng.internal.Invoker.invokeMethod(Invoker.java:583)
	at org.testng.internal.Invoker.invokeTestMethod(Invoker.java:719)
	at org.testng.internal.Invoker.invokeTestMethods(Invoker.java:989)
	at org.testng.internal.TestMethodWorker.invokeTestMethods(TestMethodWorker.java:125)
	at org.testng.internal.TestMethodWorker.run(TestMethodWorker.java:109)
	at java.base/java.util.concurrent.ThreadPoolExecutor.runWorker(ThreadPoolExecutor.java:1130)
	at java.base/java.util.concurrent.ThreadPoolExecutor$Worker.run(ThreadPoolExecutor.java:630)
	at java.base/java.lang.Thread.run(Thread.java:832)
</pre></div></td>
<td>7</td>
<td>com.codingiri.TestNG_Test.Second_Ebay_Advanced_Search_sanity@2118cddf</td></tr>
</table><p>
<table width='100%' border='1' class='invocation-passed'>
<tr><td colspan='4' align='center'><b>PASSED TESTS</b></td></tr>
<tr><td><b>Test method</b></td>
<td width="30%"><b>Exception</b></td>
<td width="10%"><b>Time (seconds)</b></td>
<td><b>Instance</b></td>
</tr>
<tr>
<td title='com.codingiri.TestNG_Test.Second_Ebay_Advanced_Search_sanity.advanced_search_keywords_test()'><b>advanced_search_keywords_test</b><br>Test class: com.codingiri.TestNG_Test.Second_Ebay_Advanced_Search_sanity</td>
<td></td>
<td>18</td>
<td>com.codingiri.TestNG_Test.Second_Ebay_Advanced_Search_sanity@2118cddf</td></tr>
<tr>
<td title='com.codingiri.TestNG_Test.Second_Ebay_Advanced_Search_sanity.ebay_logo_link_navigation_home_page_test()'><b>ebay_logo_link_navigation_home_page_test</b><br>Test class: com.codingiri.TestNG_Test.Second_Ebay_Advanced_Search_sanity</td>
<td></td>
<td>12</td>
<td>com.codingiri.TestNG_Test.Second_Ebay_Advanced_Search_sanity@2118cddf</td></tr>
</table><p>
</body>
</html>