<?xml version="1.0" encoding="UTF-8"?>
<!-- Generated by org.testng.reporters.JUnitXMLReporter -->
<testsuite ignored="0" hostname="DESKTOP-UH2GJC7" failures="1" tests="2" name="Program 2" time="49.954" errors="0" timestamp="06 Jul 2021 17:45:07 GMT">
  <testcase classname="com.codingiri.TestNG_Test.Second_Ebay_Advanced_Search_sanity" name="Empty_advanced_search_test" time="9.161"/>
  <testcase classname="com.codingiri.TestNG_Test.Second_Ebay_Advanced_Search_sanity" name="category_options_in_ascending_order_test" time="0.104">
    <failure type="java.lang.AssertionError" message="verify category items sorted expected [true] but found [false]">
      <![CDATA[java.lang.AssertionError: verify category items sorted expected [true] but found [false]
at com.codingiri.TestNG_Test.Second_Ebay_Advanced_Search_sanity.category_options_in_ascending_order_test(Second_Ebay_Advanced_Search_sanity.java:63)
... Removed 28 stack frames]]>
    </failure>
  </testcase> <!-- category_options_in_ascending_order_test -->
</testsuite> <!-- Program 2 -->
