<!DOCTYPE html PUBLIC "-//W3C//DTD XHTML 1.1//EN" "http://www.w3.org/TR/xhtml11/DTD/xhtml11.dtd">
<html xmlns="http://www.w3.org/1999/xhtml">
<head>
<meta http-equiv="content-type" content="text/html; charset=UTF-8"/>
<title>TestNG Report</title>
<style type="text/css">table {margin-bottom:10px;border-collapse:collapse;empty-cells:show}th,td {border:1px solid #009;padding:.25em .5em}th {vertical-align:bottom}td {vertical-align:top}table a {font-weight:bold}.stripe td {background-color: #E6EBF9}.num {text-align:right}.passedodd td {background-color: #3F3}.passedeven td {background-color: #0A0}.skippedodd td {background-color: #DDD}.skippedeven td {background-color: #CCC}.failedodd td,.attn {background-color: #F33}.failedeven td,.stripe .attn {background-color: #D00}.stacktrace {white-space:pre;font-family:monospace}.totop {font-size:85%;text-align:center;border-bottom:2px solid #000}.invisible {display:none}</style>
</head>
<body>
<table>
<tr><th>Test</th><th># Passed</th><th># Skipped</th><th># Failed</th><th>Time (ms)</th><th>Included Groups</th><th>Excluded Groups</th></tr>
<tr><th colspan="7">Sanity Test Suite</th></tr>
<tr><td><a href="#t0">Release 2021.7 Sanity Testing</a></td><td class="num">2</td><td class="num">0</td><td class="num attn">3</td><td class="num">88,093</td><td>p0, p2</td><td></td></tr>
</table>
<table id='summary'><thead><tr><th>Class</th><th>Method</th><th>Start</th><th>Time (ms)</th></tr></thead><tbody><tr><th colspan="4">Sanity Test Suite</th></tr></tbody><tbody id="t0"><tr><th colspan="4">Release 2021.7 Sanity Testing &#8212; failed</th></tr><tr class="failedeven"><td rowspan="2">com.codingiri.TestNG_Test.First_Ebayhome_sanity</td><td><a href="#m0">Empty_Search_Test</a></td><td rowspan="1">1626330904358</td><td rowspan="1">10958</td></tr><tr class="failedeven"><td><a href="#m1">Empty_Search_Test_softAssert</a></td><td rowspan="1">1626330922532</td><td rowspan="1">21844</td></tr><tr class="failedodd"><td rowspan="1">com.codingiri.TestNG_Test.Second_Ebay_Advanced_Search_sanity</td><td><a href="#m2">category_options_in_ascending_order_test</a></td><td rowspan="1">1626330929214</td><td rowspan="1">7696</td></tr><tr><th colspan="4">Release 2021.7 Sanity Testing &#8212; passed</th></tr><tr class="passedeven"><td rowspan="2">com.codingiri.TestNG_Test.Second_Ebay_Advanced_Search_sanity</td><td><a href="#m3">advanced_search_keywords_test</a></td><td rowspan="1">1626330904327</td><td rowspan="1">18274</td></tr><tr class="passedeven"><td><a href="#m4">ebay_logo_link_navigation_home_page_test</a></td><td rowspan="1">1626330944749</td><td rowspan="1">12690</td></tr></tbody>
</table>
<h2>Release 2021.7 Sanity Testing</h2><h3 id="m0">com.codingiri.TestNG_Test.First_Ebayhome_sanity#Empty_Search_Test</h3><table class="result"><tr><th>Exception</th></tr><tr><td><div class="stacktrace">java.lang.AssertionError: Shop by Category | eBay expected [null] but found [https://www.ebay.com/n/all-categories]
	at com.codingiri.TestNG_Test.First_Ebayhome_sanity.Empty_Search_Test(First_Ebayhome_sanity.java:75)
	at java.base/java.util.concurrent.ThreadPoolExecutor.runWorker(ThreadPoolExecutor.java:1130)
	at java.base/java.util.concurrent.ThreadPoolExecutor$Worker.run(ThreadPoolExecutor.java:630)
	at java.base/java.lang.Thread.run(Thread.java:832)
... Removed 13 stack frames</div></td></tr></table><p class="totop"><a href="#summary">back to summary</a></p>
<h3 id="m1">com.codingiri.TestNG_Test.First_Ebayhome_sanity#Empty_Search_Test_softAssert</h3><table class="result"><tr><th>Exception</th></tr><tr><td><div class="stacktrace">java.lang.AssertionError: The following asserts failed:
	verify the url of new page expected [] but found [https://www.ebay.com/n/all-categories]
	at com.codingiri.TestNG_Test.First_Ebayhome_sanity.Empty_Search_Test_softAssert(First_Ebayhome_sanity.java:143)
	at java.base/java.util.concurrent.ThreadPoolExecutor.runWorker(ThreadPoolExecutor.java:1130)
	at java.base/java.util.concurrent.ThreadPoolExecutor$Worker.run(ThreadPoolExecutor.java:630)
	at java.base/java.lang.Thread.run(Thread.java:832)
... Removed 11 stack frames</div></td></tr></table><p class="totop"><a href="#summary">back to summary</a></p>
<h3 id="m2">com.codingiri.TestNG_Test.Second_Ebay_Advanced_Search_sanity#category_options_in_ascending_order_test</h3><table class="result"><tr><th>Exception</th></tr><tr><td><div class="stacktrace">java.lang.AssertionError: verify category items sorted expected [true] but found [false]
	at com.codingiri.TestNG_Test.Second_Ebay_Advanced_Search_sanity.category_options_in_ascending_order_test(Second_Ebay_Advanced_Search_sanity.java:111)
	at java.base/java.util.concurrent.ThreadPoolExecutor.runWorker(ThreadPoolExecutor.java:1130)
	at java.base/java.util.concurrent.ThreadPoolExecutor$Worker.run(ThreadPoolExecutor.java:630)
	at java.base/java.lang.Thread.run(Thread.java:832)
... Removed 13 stack frames</div></td></tr></table><p class="totop"><a href="#summary">back to summary</a></p>
<h3 id="m3">com.codingiri.TestNG_Test.Second_Ebay_Advanced_Search_sanity#advanced_search_keywords_test</h3><table class="result"><tr><th class="invisible"/></tr></table><p class="totop"><a href="#summary">back to summary</a></p>
<h3 id="m4">com.codingiri.TestNG_Test.Second_Ebay_Advanced_Search_sanity#ebay_logo_link_navigation_home_page_test</h3><table class="result"><tr><th class="invisible"/></tr></table><p class="totop"><a href="#summary">back to summary</a></p>
</body>
</html>
