<?xml version="1.0" encoding="UTF-8"?>
<testng-results ignored="1" total="6" passed="2" failed="3" skipped="0">
  <reporter-output>
  </reporter-output>
  <suite started-at="2021-07-15T06:34:30Z" name="Sanity Test Suite" finished-at="2021-07-15T06:35:58Z" duration-ms="88093">
    <groups>
      <group name="p0">
        <method signature="First_Ebayhome_sanity.Empty_Search_Test()[pri:0, instance:com.codingiri.TestNG_Test.First_Ebayhome_sanity@5609159b]" name="Empty_Search_Test" class="com.codingiri.TestNG_Test.First_Ebayhome_sanity"/>
        <method signature="Second_Ebay_Advanced_Search_sanity.advanced_search_keywords_test()[pri:0, instance:com.codingiri.TestNG_Test.Second_Ebay_Advanced_Search_sanity@2118cddf]" name="advanced_search_keywords_test" class="com.codingiri.TestNG_Test.Second_Ebay_Advanced_Search_sanity"/>
      </group> <!-- p0 -->
      <group name="p1">
        <method signature="First_Ebayhome_sanity.Empty_Search_Test()[pri:0, instance:com.codingiri.TestNG_Test.First_Ebayhome_sanity@5609159b]" name="Empty_Search_Test" class="com.codingiri.TestNG_Test.First_Ebayhome_sanity"/>
        <method signature="First_Ebayhome_sanity.Empty_Search_Test_softAssert()[pri:0, instance:com.codingiri.TestNG_Test.First_Ebayhome_sanity@5609159b]" name="Empty_Search_Test_softAssert" class="com.codingiri.TestNG_Test.First_Ebayhome_sanity"/>
        <method signature="Second_Ebay_Advanced_Search_sanity.category_options_in_ascending_order_test()[pri:0, instance:com.codingiri.TestNG_Test.Second_Ebay_Advanced_Search_sanity@2118cddf]" name="category_options_in_ascending_order_test" class="com.codingiri.TestNG_Test.Second_Ebay_Advanced_Search_sanity"/>
      </group> <!-- p1 -->
      <group name="p2">
        <method signature="First_Ebayhome_sanity.Empty_Search_Test_softAssert()[pri:0, instance:com.codingiri.TestNG_Test.First_Ebayhome_sanity@5609159b]" name="Empty_Search_Test_softAssert" class="com.codingiri.TestNG_Test.First_Ebayhome_sanity"/>
        <method signature="Second_Ebay_Advanced_Search_sanity.category_options_in_ascending_order_test()[pri:0, instance:com.codingiri.TestNG_Test.Second_Ebay_Advanced_Search_sanity@2118cddf]" name="category_options_in_ascending_order_test" class="com.codingiri.TestNG_Test.Second_Ebay_Advanced_Search_sanity"/>
        <method signature="Second_Ebay_Advanced_Search_sanity.ebay_logo_link_navigation_home_page_test()[pri:0, instance:com.codingiri.TestNG_Test.Second_Ebay_Advanced_Search_sanity@2118cddf]" name="ebay_logo_link_navigation_home_page_test" class="com.codingiri.TestNG_Test.Second_Ebay_Advanced_Search_sanity"/>
      </group> <!-- p2 -->
      <group name="p3">
        <method signature="Second_Ebay_Advanced_Search_sanity.advanced_search_keywords_test()[pri:0, instance:com.codingiri.TestNG_Test.Second_Ebay_Advanced_Search_sanity@2118cddf]" name="advanced_search_keywords_test" class="com.codingiri.TestNG_Test.Second_Ebay_Advanced_Search_sanity"/>
        <method signature="Second_Ebay_Advanced_Search_sanity.ebay_logo_link_navigation_home_page_test()[pri:0, instance:com.codingiri.TestNG_Test.Second_Ebay_Advanced_Search_sanity@2118cddf]" name="ebay_logo_link_navigation_home_page_test" class="com.codingiri.TestNG_Test.Second_Ebay_Advanced_Search_sanity"/>
      </group> <!-- p3 -->
    </groups>
    <test started-at="2021-07-15T06:34:30Z" name="Release 2021.7 Sanity Testing" finished-at="2021-07-15T06:35:58Z" duration-ms="88093">
      <class name="com.codingiri.TestNG_Test.Second_Ebay_Advanced_Search_sanity">
        <test-method is-config="true" signature="setup(java.lang.String, java.lang.String)[pri:0, instance:com.codingiri.TestNG_Test.Second_Ebay_Advanced_Search_sanity@2118cddf]" started-at="2021-07-15T06:34:30Z" name="setup" finished-at="2021-07-15T06:35:04Z" duration-ms="34230" status="PASS">
          <params>
            <param index="0">
              <value>
                <![CDATA[chrome]]>
              </value>
            </param>
            <param index="1">
              <value>
                <![CDATA[C:\\Users\\Dilshad\\Documents\\Drivers\\chromedriver.exe]]>
              </value>
            </param>
          </params>
          <reporter-output>
          </reporter-output>
        </test-method> <!-- setup -->
        <test-method signature="advanced_search_keywords_test()[pri:0, instance:com.codingiri.TestNG_Test.Second_Ebay_Advanced_Search_sanity@2118cddf]" started-at="2021-07-15T06:35:04Z" name="advanced_search_keywords_test" finished-at="2021-07-15T06:35:22Z" duration-ms="18274" status="PASS">
          <reporter-output>
          </reporter-output>
        </test-method> <!-- advanced_search_keywords_test -->
        <test-method is-config="true" signature="tearDown()[pri:0, instance:com.codingiri.TestNG_Test.Second_Ebay_Advanced_Search_sanity@2118cddf]" started-at="2021-07-15T06:35:22Z" name="tearDown" finished-at="2021-07-15T06:35:27Z" duration-ms="4416" status="PASS">
          <reporter-output>
          </reporter-output>
        </test-method> <!-- tearDown -->
        <test-method is-config="true" signature="setup(java.lang.String, java.lang.String)[pri:0, instance:com.codingiri.TestNG_Test.Second_Ebay_Advanced_Search_sanity@2118cddf]" started-at="2021-07-15T06:35:27Z" name="setup" finished-at="2021-07-15T06:35:29Z" duration-ms="2191" status="PASS">
          <params>
            <param index="0">
              <value>
                <![CDATA[chrome]]>
              </value>
            </param>
            <param index="1">
              <value>
                <![CDATA[C:\\Users\\Dilshad\\Documents\\Drivers\\chromedriver.exe]]>
              </value>
            </param>
          </params>
          <reporter-output>
          </reporter-output>
        </test-method> <!-- setup -->
        <test-method signature="category_options_in_ascending_order_test()[pri:0, instance:com.codingiri.TestNG_Test.Second_Ebay_Advanced_Search_sanity@2118cddf]" started-at="2021-07-15T06:35:29Z" name="category_options_in_ascending_order_test" finished-at="2021-07-15T06:35:36Z" duration-ms="7696" status="FAIL">
          <exception class="java.lang.AssertionError">
            <message>
              <![CDATA[verify category items sorted expected [true] but found [false]]]>
            </message>
            <full-stacktrace>
              <![CDATA[java.lang.AssertionError: verify category items sorted expected [true] but found [false]
at org.testng.Assert.fail(Assert.java:96)
at org.testng.Assert.failNotEquals(Assert.java:776)
at org.testng.Assert.assertTrue(Assert.java:44)
at com.codingiri.TestNG_Test.Second_Ebay_Advanced_Search_sanity.category_options_in_ascending_order_test(Second_Ebay_Advanced_Search_sanity.java:111)
at java.base/jdk.internal.reflect.NativeMethodAccessorImpl.invoke0(Native Method)
at java.base/jdk.internal.reflect.NativeMethodAccessorImpl.invoke(NativeMethodAccessorImpl.java:64)
at java.base/jdk.internal.reflect.DelegatingMethodAccessorImpl.invoke(DelegatingMethodAccessorImpl.java:43)
at java.base/java.lang.reflect.Method.invoke(Method.java:564)
at org.testng.internal.MethodInvocationHelper.invokeMethod(MethodInvocationHelper.java:124)
at org.testng.internal.Invoker.invokeMethod(Invoker.java:583)
at org.testng.internal.Invoker.invokeTestMethod(Invoker.java:719)
at org.testng.internal.Invoker.invokeTestMethods(Invoker.java:989)
at org.testng.internal.TestMethodWorker.invokeTestMethods(TestMethodWorker.java:125)
at org.testng.internal.TestMethodWorker.run(TestMethodWorker.java:109)
at java.base/java.util.concurrent.ThreadPoolExecutor.runWorker(ThreadPoolExecutor.java:1130)
at java.base/java.util.concurrent.ThreadPoolExecutor$Worker.run(ThreadPoolExecutor.java:630)
at java.base/java.lang.Thread.run(Thread.java:832)
]]>
            </full-stacktrace>
          </exception> <!-- java.lang.AssertionError -->
          <reporter-output>
          </reporter-output>
        </test-method> <!-- category_options_in_ascending_order_test -->
        <test-method is-config="true" signature="tearDown()[pri:0, instance:com.codingiri.TestNG_Test.Second_Ebay_Advanced_Search_sanity@2118cddf]" started-at="2021-07-15T06:35:36Z" name="tearDown" finished-at="2021-07-15T06:35:41Z" duration-ms="4211" status="PASS">
          <reporter-output>
          </reporter-output>
        </test-method> <!-- tearDown -->
        <test-method is-config="true" signature="setup(java.lang.String, java.lang.String)[pri:0, instance:com.codingiri.TestNG_Test.Second_Ebay_Advanced_Search_sanity@2118cddf]" started-at="2021-07-15T06:35:41Z" name="setup" finished-at="2021-07-15T06:35:44Z" duration-ms="3625" status="PASS">
          <params>
            <param index="0">
              <value>
                <![CDATA[chrome]]>
              </value>
            </param>
            <param index="1">
              <value>
                <![CDATA[C:\\Users\\Dilshad\\Documents\\Drivers\\chromedriver.exe]]>
              </value>
            </param>
          </params>
          <reporter-output>
          </reporter-output>
        </test-method> <!-- setup -->
        <test-method signature="ebay_logo_link_navigation_home_page_test()[pri:0, instance:com.codingiri.TestNG_Test.Second_Ebay_Advanced_Search_sanity@2118cddf]" started-at="2021-07-15T06:35:44Z" name="ebay_logo_link_navigation_home_page_test" finished-at="2021-07-15T06:35:57Z" duration-ms="12690" status="PASS">
          <reporter-output>
          </reporter-output>
        </test-method> <!-- ebay_logo_link_navigation_home_page_test -->
        <test-method is-config="true" signature="tearDown()[pri:0, instance:com.codingiri.TestNG_Test.Second_Ebay_Advanced_Search_sanity@2118cddf]" started-at="2021-07-15T06:35:57Z" name="tearDown" finished-at="2021-07-15T06:35:58Z" duration-ms="684" status="PASS">
          <reporter-output>
          </reporter-output>
        </test-method> <!-- tearDown -->
      </class> <!-- com.codingiri.TestNG_Test.Second_Ebay_Advanced_Search_sanity -->
      <class name="com.codingiri.TestNG_Test.First_Ebayhome_sanity">
        <test-method is-config="true" signature="setup(java.lang.String, java.lang.String)[pri:0, instance:com.codingiri.TestNG_Test.First_Ebayhome_sanity@5609159b]" started-at="2021-07-15T06:34:30Z" name="setup" finished-at="2021-07-15T06:35:04Z" duration-ms="34266" status="PASS">
          <params>
            <param index="0">
              <value>
                <![CDATA[chrome]]>
              </value>
            </param>
            <param index="1">
              <value>
                <![CDATA[C:\\Users\\Dilshad\\Documents\\Drivers\\chromedriver.exe]]>
              </value>
            </param>
          </params>
          <reporter-output>
          </reporter-output>
        </test-method> <!-- setup -->
        <test-method signature="Empty_Search_Test()[pri:0, instance:com.codingiri.TestNG_Test.First_Ebayhome_sanity@5609159b]" started-at="2021-07-15T06:35:04Z" name="Empty_Search_Test" finished-at="2021-07-15T06:35:15Z" duration-ms="10958" status="FAIL">
          <exception class="java.lang.AssertionError">
            <message>
              <![CDATA[Shop by Category | eBay expected [null] but found [https://www.ebay.com/n/all-categories]]]>
            </message>
            <full-stacktrace>
              <![CDATA[java.lang.AssertionError: Shop by Category | eBay expected [null] but found [https://www.ebay.com/n/all-categories]
at org.testng.Assert.fail(Assert.java:96)
at org.testng.Assert.failNotSame(Assert.java:772)
at org.testng.Assert.assertNull(Assert.java:708)
at com.codingiri.TestNG_Test.First_Ebayhome_sanity.Empty_Search_Test(First_Ebayhome_sanity.java:75)
at java.base/jdk.internal.reflect.NativeMethodAccessorImpl.invoke0(Native Method)
at java.base/jdk.internal.reflect.NativeMethodAccessorImpl.invoke(NativeMethodAccessorImpl.java:64)
at java.base/jdk.internal.reflect.DelegatingMethodAccessorImpl.invoke(DelegatingMethodAccessorImpl.java:43)
at java.base/java.lang.reflect.Method.invoke(Method.java:564)
at org.testng.internal.MethodInvocationHelper.invokeMethod(MethodInvocationHelper.java:124)
at org.testng.internal.Invoker.invokeMethod(Invoker.java:583)
at org.testng.internal.Invoker.invokeTestMethod(Invoker.java:719)
at org.testng.internal.Invoker.invokeTestMethods(Invoker.java:989)
at org.testng.internal.TestMethodWorker.invokeTestMethods(TestMethodWorker.java:125)
at org.testng.internal.TestMethodWorker.run(TestMethodWorker.java:109)
at java.base/java.util.concurrent.ThreadPoolExecutor.runWorker(ThreadPoolExecutor.java:1130)
at java.base/java.util.concurrent.ThreadPoolExecutor$Worker.run(ThreadPoolExecutor.java:630)
at java.base/java.lang.Thread.run(Thread.java:832)
]]>
            </full-stacktrace>
          </exception> <!-- java.lang.AssertionError -->
          <reporter-output>
          </reporter-output>
        </test-method> <!-- Empty_Search_Test -->
        <test-method is-config="true" signature="tearDown()[pri:0, instance:com.codingiri.TestNG_Test.First_Ebayhome_sanity@5609159b]" started-at="2021-07-15T06:35:15Z" name="tearDown" finished-at="2021-07-15T06:35:20Z" duration-ms="4760" status="PASS">
          <reporter-output>
          </reporter-output>
        </test-method> <!-- tearDown -->
        <test-method is-config="true" signature="setup(java.lang.String, java.lang.String)[pri:0, instance:com.codingiri.TestNG_Test.First_Ebayhome_sanity@5609159b]" started-at="2021-07-15T06:35:20Z" name="setup" finished-at="2021-07-15T06:35:22Z" duration-ms="2354" status="PASS">
          <params>
            <param index="0">
              <value>
                <![CDATA[chrome]]>
              </value>
            </param>
            <param index="1">
              <value>
                <![CDATA[C:\\Users\\Dilshad\\Documents\\Drivers\\chromedriver.exe]]>
              </value>
            </param>
          </params>
          <reporter-output>
          </reporter-output>
        </test-method> <!-- setup -->
        <test-method signature="Empty_Search_Test_softAssert()[pri:0, instance:com.codingiri.TestNG_Test.First_Ebayhome_sanity@5609159b]" started-at="2021-07-15T06:35:22Z" name="Empty_Search_Test_softAssert" finished-at="2021-07-15T06:35:44Z" duration-ms="21844" status="FAIL">
          <exception class="java.lang.AssertionError">
            <message>
              <![CDATA[The following asserts failed:
verify the url of new page expected [] but found [https://www.ebay.com/n/all-categories]]]>
            </message>
            <full-stacktrace>
              <![CDATA[java.lang.AssertionError: The following asserts failed:
verify the url of new page expected [] but found [https://www.ebay.com/n/all-categories]
at org.testng.asserts.SoftAssert.assertAll(SoftAssert.java:43)
at com.codingiri.TestNG_Test.First_Ebayhome_sanity.Empty_Search_Test_softAssert(First_Ebayhome_sanity.java:143)
at java.base/jdk.internal.reflect.NativeMethodAccessorImpl.invoke0(Native Method)
at java.base/jdk.internal.reflect.NativeMethodAccessorImpl.invoke(NativeMethodAccessorImpl.java:64)
at java.base/jdk.internal.reflect.DelegatingMethodAccessorImpl.invoke(DelegatingMethodAccessorImpl.java:43)
at java.base/java.lang.reflect.Method.invoke(Method.java:564)
at org.testng.internal.MethodInvocationHelper.invokeMethod(MethodInvocationHelper.java:124)
at org.testng.internal.Invoker.invokeMethod(Invoker.java:583)
at org.testng.internal.Invoker.invokeTestMethod(Invoker.java:719)
at org.testng.internal.Invoker.invokeTestMethods(Invoker.java:989)
at org.testng.internal.TestMethodWorker.invokeTestMethods(TestMethodWorker.java:125)
at org.testng.internal.TestMethodWorker.run(TestMethodWorker.java:109)
at java.base/java.util.concurrent.ThreadPoolExecutor.runWorker(ThreadPoolExecutor.java:1130)
at java.base/java.util.concurrent.ThreadPoolExecutor$Worker.run(ThreadPoolExecutor.java:630)
at java.base/java.lang.Thread.run(Thread.java:832)
]]>
            </full-stacktrace>
          </exception> <!-- java.lang.AssertionError -->
          <reporter-output>
          </reporter-output>
        </test-method> <!-- Empty_Search_Test_softAssert -->
        <test-method is-config="true" signature="tearDown()[pri:0, instance:com.codingiri.TestNG_Test.First_Ebayhome_sanity@5609159b]" started-at="2021-07-15T06:35:44Z" name="tearDown" finished-at="2021-07-15T06:35:48Z" duration-ms="4284" status="PASS">
          <reporter-output>
          </reporter-output>
        </test-method> <!-- tearDown -->
      </class> <!-- com.codingiri.TestNG_Test.First_Ebayhome_sanity -->
    </test> <!-- Release 2021.7 Sanity Testing -->
  </suite> <!-- Sanity Test Suite -->
</testng-results>
