<?xml version="1.0" encoding="UTF-8"?>
<!-- Generated by org.testng.reporters.JUnitReportReporter -->
<testsuite hostname="DESKTOP-UH2GJC7" failures="1" tests="3" name="com.codingiri.TestNG_Test.Second_Ebay_Advanced_Search_sanity" time="88.017" errors="0" timestamp="15 Jul 2021 06:35:59 GMT" skipped="0">
  <testcase classname="com.codingiri.TestNG_Test.Second_Ebay_Advanced_Search_sanity" name="ebay_logo_link_navigation_home_page_test" time="19.092"/>
  <testcase classname="com.codingiri.TestNG_Test.Second_Ebay_Advanced_Search_sanity" name="advanced_search_keywords_test" time="53.188"/>
  <testcase classname="com.codingiri.TestNG_Test.Second_Ebay_Advanced_Search_sanity" name="category_options_in_ascending_order_test" time="15.737">
    <failure message="verify category items sorted expected [true] but found [false]" type="java.lang.AssertionError">
      <![CDATA[java.lang.AssertionError: verify category items sorted expected [true] but found [false]
at org.testng.Assert.fail(Assert.java:96)
at org.testng.Assert.failNotEquals(Assert.java:776)
at org.testng.Assert.assertTrue(Assert.java:44)
at com.codingiri.TestNG_Test.Second_Ebay_Advanced_Search_sanity.category_options_in_ascending_order_test(Second_Ebay_Advanced_Search_sanity.java:111)
at java.base/jdk.internal.reflect.NativeMethodAccessorImpl.invoke0(Native Method)
at java.base/jdk.internal.reflect.NativeMethodAccessorImpl.invoke(NativeMethodAccessorImpl.java:64)
at java.base/jdk.internal.reflect.DelegatingMethodAccessorImpl.invoke(DelegatingMethodAccessorImpl.java:43)
at java.base/java.lang.reflect.Method.invoke(Method.java:564)
at org.testng.internal.MethodInvocationHelper.invokeMethod(MethodInvocationHelper.java:124)
at org.testng.internal.Invoker.invokeMethod(Invoker.java:583)
at org.testng.internal.Invoker.invokeTestMethod(Invoker.java:719)
at org.testng.internal.Invoker.invokeTestMethods(Invoker.java:989)
at org.testng.internal.TestMethodWorker.invokeTestMethods(TestMethodWorker.java:125)
at org.testng.internal.TestMethodWorker.run(TestMethodWorker.java:109)
at java.base/java.util.concurrent.ThreadPoolExecutor.runWorker(ThreadPoolExecutor.java:1130)
at java.base/java.util.concurrent.ThreadPoolExecutor$Worker.run(ThreadPoolExecutor.java:630)
at java.base/java.lang.Thread.run(Thread.java:832)
]]>
    </failure>
  </testcase> <!-- category_options_in_ascending_order_test -->
</testsuite> <!-- com.codingiri.TestNG_Test.Second_Ebay_Advanced_Search_sanity -->
